# JRE version: Java(TM) SE Runtime Environment (8.0_05-b13) (build 1.8.0_05-b13)
# Java VM: Java HotSpot(TM) 64-Bit Server VM (25.5-b02 mixed mode bsd-amd64 compressed oops)
Heap:
 PSYoungGen      total 20480K, used 9711K [0x0000000795580000, 0x0000000797300000, 0x00000007c0000000)
  eden space 19968K, 47% used [0x0000000795580000,0x0000000795ecbe90,0x0000000796900000)
  from space 512K, 37% used [0x0000000797280000,0x00000007972b0000,0x0000000797300000)
  to   space 1024K, 0% used [0x0000000797100000,0x0000000797100000,0x0000000797200000)
 ParOldGen       total 195072K, used 38384K [0x0000000740000000, 0x000000074be80000, 0x0000000795580000)
  object space 195072K, 19% used [0x0000000740000000,0x000000074257c2e8,0x000000074be80000)
 Metaspace       used 8423K, capacity 8535K, committed 8704K, reserved 1056768K
  class space    used 885K, capacity 945K, committed 1024K, reserved 1048576K
GC Heap History (10 events):
Event: 8.382 GC heap before
{Heap before GC invocations=18 (full 0):
 PSYoungGen      total 11264K, used 10368K [0x0000000795580000, 0x0000000796580000, 0x00000007c0000000)
  eden space 10240K, 100% used [0x0000000795580000,0x0000000795f80000,0x0000000795f80000)
  from space 1024K, 12% used [0x0000000795f80000,0x0000000795fa0000,0x0000000796080000)
  to   space 1024K, 0% used [0x0000000796480000,0x0000000796480000,0x0000000796580000)
 ParOldGen       total 195072K, used 16744K [0x0000000740000000, 0x000000074be80000, 0x0000000795580000)
  object space 195072K, 8% used [0x0000000740000000,0x000000074105a198,0x000000074be80000)
 Metaspace       used 8222K, capacity 8311K, committed 8448K, reserved 1056768K
  class space    used 870K, capacity 913K, committed 1024K, reserved 1048576K
Event: 8.383 GC heap after
Heap after GC invocations=18 (full 0):
 PSYoungGen      total 15360K, used 160K [0x0000000795580000, 0x0000000796580000, 0x00000007c0000000)
  eden space 14336K, 0% used [0x0000000795580000,0x0000000795580000,0x0000000796380000)
  from space 1024K, 15% used [0x0000000796480000,0x00000007964a8000,0x0000000796580000)
  to   space 1024K, 0% used [0x0000000796380000,0x0000000796380000,0x0000000796480000)
 ParOldGen       total 195072K, used 19832K [0x0000000740000000, 0x000000074be80000, 0x0000000795580000)
  object space 195072K, 10% used [0x0000000740000000,0x000000074135e1c8,0x000000074be80000)
 Metaspace       used 8222K, capacity 8311K, committed 8448K, reserved 1056768K
  class space    used 870K, capacity 913K, committed 1024K, reserved 1048576K
}
Event: 8.454 GC heap before
{Heap before GC invocations=19 (full 0):
 PSYoungGen      total 15360K, used 14496K [0x0000000795580000, 0x0000000796580000, 0x00000007c0000000)
  eden space 14336K, 100% used [0x0000000795580000,0x0000000796380000,0x0000000796380000)
  from space 1024K, 15% used [0x0000000796480000,0x00000007964a8000,0x0000000796580000)
  to   space 1024K, 0% used [0x0000000796380000,0x0000000796380000,0x0000000796480000)
 ParOldGen       total 195072K, used 19832K [0x0000000740000000, 0x000000074be80000, 0x0000000795580000)
  object space 195072K, 10% used [0x0000000740000000,0x000000074135e1c8,0x000000074be80000)
 Metaspace       used 8227K, capacity 8311K, committed 8448K, reserved 1056768K
  class space    used 870K, capacity 913K, committed 1024K, reserved 1048576K
Event: 8.456 GC heap after
Heap after GC invocations=19 (full 0):
 PSYoungGen      total 15360K, used 128K [0x0000000795580000, 0x0000000796b80000, 0x00000007c0000000)
  eden space 14336K, 0% used [0x0000000795580000,0x0000000795580000,0x0000000796380000)
  from space 1024K, 12% used [0x0000000796380000,0x00000007963a0000,0x0000000796480000)
  to   space 1024K, 0% used [0x0000000796a80000,0x0000000796a80000,0x0000000796b80000)
 ParOldGen       total 195072K, used 22936K [0x0000000740000000, 0x000000074be80000, 0x0000000795580000)
  object space 195072K, 11% used [0x0000000740000000,0x00000007416661f8,0x000000074be80000)
 Metaspace       used 8227K, capacity 8311K, committed 8448K, reserved 1056768K
  class space    used 870K, capacity 913K, committed 1024K, reserved 1048576K
}
Event: 9.416 GC heap before
{Heap before GC invocations=20 (full 0):
 PSYoungGen      total 15360K, used 14464K [0x0000000795580000, 0x0000000796b80000, 0x00000007c0000000)
  eden space 14336K, 100% used [0x0000000795580000,0x0000000796380000,0x0000000796380000)
  from space 1024K, 12% used [0x0000000796380000,0x00000007963a0000,0x0000000796480000)
  to   space 1024K, 0% used [0x0000000796a80000,0x0000000796a80000,0x0000000796b80000)
 ParOldGen       total 195072K, used 22936K [0x0000000740000000, 0x000000074be80000, 0x0000000795580000)
  object space 195072K, 11% used [0x0000000740000000,0x00000007416661f8,0x000000074be80000)
 Metaspace       used 8236K, capacity 8375K, committed 8704K, reserved 1056768K
  class space    used 870K, capacity 913K, committed 1024K, reserved 1048576K
Event: 9.419 GC heap after
Heap after GC invocations=20 (full 0):
 PSYoungGen      total 21504K, used 192K [0x0000000795580000, 0x0000000796b80000, 0x00000007c0000000)
  eden space 20480K, 0% used [0x0000000795580000,0x0000000795580000,0x0000000796980000)
  from space 1024K, 18% used [0x0000000796a80000,0x0000000796ab0000,0x0000000796b80000)
  to   space 1024K, 0% used [0x0000000796980000,0x0000000796980000,0x0000000796a80000)
 ParOldGen       total 195072K, used 29096K [0x0000000740000000, 0x000000074be80000, 0x0000000795580000)
  object space 195072K, 14% used [0x0000000740000000,0x0000000741c6a258,0x000000074be80000)
 Metaspace       used 8236K, capacity 8375K, committed 8704K, reserved 1056768K
  class space    used 870K, capacity 913K, committed 1024K, reserved 1048576K
}
Event: 10.370 GC heap before
{Heap before GC invocations=21 (full 0):
 PSYoungGen      total 21504K, used 20672K [0x0000000795580000, 0x0000000796b80000, 0x00000007c0000000)
  eden space 20480K, 100% used [0x0000000795580000,0x0000000796980000,0x0000000796980000)
  from space 1024K, 18% used [0x0000000796a80000,0x0000000796ab0000,0x0000000796b80000)
  to   space 1024K, 0% used [0x0000000796980000,0x0000000796980000,0x0000000796a80000)
 ParOldGen       total 195072K, used 29096K [0x0000000740000000, 0x000000074be80000, 0x0000000795580000)
  object space 195072K, 14% used [0x0000000740000000,0x0000000741c6a258,0x000000074be80000)
 Metaspace       used 8236K, capacity 8375K, committed 8704K, reserved 1056768K
  class space    used 870K, capacity 913K, committed 1024K, reserved 1048576K
Event: 10.373 GC heap after
Heap after GC invocations=21 (full 0):
 PSYoungGen      total 21504K, used 192K [0x0000000795580000, 0x0000000797380000, 0x00000007c0000000)
  eden space 20480K, 0% used [0x0000000795580000,0x0000000795580000,0x0000000796980000)
  from space 1024K, 18% used [0x0000000796980000,0x00000007969b0000,0x0000000796a80000)
  to   space 1024K, 0% used [0x0000000797280000,0x0000000797280000,0x0000000797380000)
 ParOldGen       total 195072K, used 34248K [0x0000000740000000, 0x000000074be80000, 0x0000000795580000)
  object space 195072K, 17% used [0x0000000740000000,0x00000007421722a8,0x000000074be80000)
 Metaspace       used 8236K, capacity 8375K, committed 8704K, reserved 1056768K
  class space    used 870K, capacity 913K, committed 1024K, reserved 1048576K
}
Event: 11.305 GC heap before
{Heap before GC invocations=22 (full 0):
 PSYoungGen      total 21504K, used 20672K [0x0000000795580000, 0x0000000797380000, 0x00000007c0000000)
  eden space 20480K, 100% used [0x0000000795580000,0x0000000796980000,0x0000000796980000)
  from space 1024K, 18% used [0x0000000796980000,0x00000007969b0000,0x0000000796a80000)
  to   space 1024K, 0% used [0x0000000797280000,0x0000000797280000,0x0000000797380000)
 ParOldGen       total 195072K, used 34248K [0x0000000740000000, 0x000000074be80000, 0x0000000795580000)
  object space 195072K, 17% used [0x0000000740000000,0x00000007421722a8,0x000000074be80000)
 Metaspace       used 8267K, capacity 8407K, committed 8704K, reserved 1056768K
  class space    used 874K, capacity 945K, committed 1024K, reserved 1048576K
Event: 11.308 GC heap after
Heap after GC invocations=22 (full 0):
 PSYoungGen      total 20480K, used 192K [0x0000000795580000, 0x0000000797300000, 0x00000007c0000000)
  eden space 19968K, 0% used [0x0000000795580000,0x0000000795580000,0x0000000796900000)
  from space 512K, 37% used [0x0000000797280000,0x00000007972b0000,0x0000000797300000)
  to   space 1024K, 0% used [0x0000000797100000,0x0000000797100000,0x0000000797200000)
 ParOldGen       total 195072K, used 38384K [0x0000000740000000, 0x000000074be80000, 0x0000000795580000)
  object space 195072K, 19% used [0x0000000740000000,0x000000074257c2e8,0x000000074be80000)
 Metaspace       used 8267K, capacity 8407K, committed 8704K, reserved 1056768K
  class space    used 874K, capacity 945K, committed 1024K, reserved 1048576K
}

