# JRE version: Java(TM) SE Runtime Environment (8.0_05-b13) (build 1.8.0_05-b13)
# Java VM: Java HotSpot(TM) 64-Bit Server VM (25.5-b02 mixed mode bsd-amd64 compressed oops)
Heap:
 PSYoungGen      total 28672K, used 22717K [0x0000000795580000, 0x0000000797380000, 0x00000007c0000000)
  eden space 26624K, 80% used [0x0000000795580000,0x0000000796a7f4f8,0x0000000796f80000)
  from space 2048K, 59% used [0x0000000797180000,0x00000007972b0010,0x0000000797380000)
  to   space 2048K, 0% used [0x0000000796f80000,0x0000000796f80000,0x0000000797180000)
 ParOldGen       total 195072K, used 40444K [0x0000000740000000, 0x000000074be80000, 0x0000000795580000)
  object space 195072K, 20% used [0x0000000740000000,0x000000074277f1d0,0x000000074be80000)
 Metaspace       used 8372K, capacity 8535K, committed 8704K, reserved 1056768K
  class space    used 880K, capacity 945K, committed 1024K, reserved 1048576K
GC Heap History (10 events):
Event: 5.359 GC heap before
{Heap before GC invocations=16 (full 0):
 PSYoungGen      total 9728K, used 9408K [0x0000000795580000, 0x0000000796680000, 0x00000007c0000000)
  eden space 8192K, 100% used [0x0000000795580000,0x0000000795d80000,0x0000000795d80000)
  from space 1536K, 79% used [0x0000000795d80000,0x0000000795eb0010,0x0000000795f00000)
  to   space 2048K, 0% used [0x0000000796480000,0x0000000796480000,0x0000000796680000)
 ParOldGen       total 195072K, used 21852K [0x0000000740000000, 0x000000074be80000, 0x0000000795580000)
  object space 195072K, 11% used [0x0000000740000000,0x00000007415570b0,0x000000074be80000)
 Metaspace       used 8220K, capacity 8311K, committed 8448K, reserved 1056768K
  class space    used 870K, capacity 913K, committed 1024K, reserved 1048576K
Event: 5.361 GC heap after
Heap after GC invocations=16 (full 0):
 PSYoungGen      total 15360K, used 32K [0x0000000795580000, 0x0000000796680000, 0x00000007c0000000)
  eden space 13312K, 0% used [0x0000000795580000,0x0000000795580000,0x0000000796280000)
  from space 2048K, 1% used [0x0000000796480000,0x0000000796488000,0x0000000796680000)
  to   space 2048K, 0% used [0x0000000796280000,0x0000000796280000,0x0000000796480000)
 ParOldGen       total 195072K, used 24988K [0x0000000740000000, 0x000000074be80000, 0x0000000795580000)
  object space 195072K, 12% used [0x0000000740000000,0x00000007418670e0,0x000000074be80000)
 Metaspace       used 8220K, capacity 8311K, committed 8448K, reserved 1056768K
  class space    used 870K, capacity 913K, committed 1024K, reserved 1048576K
}
Event: 6.288 GC heap before
{Heap before GC invocations=17 (full 0):
 PSYoungGen      total 15360K, used 13344K [0x0000000795580000, 0x0000000796680000, 0x00000007c0000000)
  eden space 13312K, 100% used [0x0000000795580000,0x0000000796280000,0x0000000796280000)
  from space 2048K, 1% used [0x0000000796480000,0x0000000796488000,0x0000000796680000)
  to   space 2048K, 0% used [0x0000000796280000,0x0000000796280000,0x0000000796480000)
 ParOldGen       total 195072K, used 24988K [0x0000000740000000, 0x000000074be80000, 0x0000000795580000)
  object space 195072K, 12% used [0x0000000740000000,0x00000007418670e0,0x000000074be80000)
 Metaspace       used 8230K, capacity 8311K, committed 8448K, reserved 1056768K
  class space    used 870K, capacity 913K, committed 1024K, reserved 1048576K
Event: 6.291 GC heap after
Heap after GC invocations=17 (full 0):
 PSYoungGen      total 15360K, used 1216K [0x0000000795580000, 0x0000000796c00000, 0x00000007c0000000)
  eden space 13312K, 0% used [0x0000000795580000,0x0000000795580000,0x0000000796280000)
  from space 2048K, 59% used [0x0000000796280000,0x00000007963b0010,0x0000000796480000)
  to   space 2048K, 0% used [0x0000000796a00000,0x0000000796a00000,0x0000000796c00000)
 ParOldGen       total 195072K, used 30116K [0x0000000740000000, 0x000000074be80000, 0x0000000795580000)
  object space 195072K, 15% used [0x0000000740000000,0x0000000741d69130,0x000000074be80000)
 Metaspace       used 8230K, capacity 8311K, committed 8448K, reserved 1056768K
  class space    used 870K, capacity 913K, committed 1024K, reserved 1048576K
}
Event: 6.343 GC heap before
{Heap before GC invocations=18 (full 0):
 PSYoungGen      total 15360K, used 14528K [0x0000000795580000, 0x0000000796c00000, 0x00000007c0000000)
  eden space 13312K, 100% used [0x0000000795580000,0x0000000796280000,0x0000000796280000)
  from space 2048K, 59% used [0x0000000796280000,0x00000007963b0010,0x0000000796480000)
  to   space 2048K, 0% used [0x0000000796a00000,0x0000000796a00000,0x0000000796c00000)
 ParOldGen       total 195072K, used 30116K [0x0000000740000000, 0x000000074be80000, 0x0000000795580000)
  object space 195072K, 15% used [0x0000000740000000,0x0000000741d69130,0x000000074be80000)
 Metaspace       used 8230K, capacity 8311K, committed 8448K, reserved 1056768K
  class space    used 870K, capacity 913K, committed 1024K, reserved 1048576K
Event: 6.345 GC heap after
Heap after GC invocations=18 (full 0):
 PSYoungGen      total 20992K, used 32K [0x0000000795580000, 0x0000000796c00000, 0x00000007c0000000)
  eden space 18944K, 0% used [0x0000000795580000,0x0000000795580000,0x0000000796800000)
  from space 2048K, 1% used [0x0000000796a00000,0x0000000796a08000,0x0000000796c00000)
  to   space 2048K, 0% used [0x0000000796800000,0x0000000796800000,0x0000000796a00000)
 ParOldGen       total 195072K, used 33236K [0x0000000740000000, 0x000000074be80000, 0x0000000795580000)
  object space 195072K, 17% used [0x0000000740000000,0x0000000742075160,0x000000074be80000)
 Metaspace       used 8230K, capacity 8311K, committed 8448K, reserved 1056768K
  class space    used 870K, capacity 913K, committed 1024K, reserved 1048576K
}
Event: 7.361 GC heap before
{Heap before GC invocations=19 (full 0):
 PSYoungGen      total 20992K, used 18976K [0x0000000795580000, 0x0000000796c00000, 0x00000007c0000000)
  eden space 18944K, 100% used [0x0000000795580000,0x0000000796800000,0x0000000796800000)
  from space 2048K, 1% used [0x0000000796a00000,0x0000000796a08000,0x0000000796c00000)
  to   space 2048K, 0% used [0x0000000796800000,0x0000000796800000,0x0000000796a00000)
 ParOldGen       total 195072K, used 33236K [0x0000000740000000, 0x000000074be80000, 0x0000000795580000)
  object space 195072K, 17% used [0x0000000740000000,0x0000000742075160,0x000000074be80000)
 Metaspace       used 8238K, capacity 8375K, committed 8704K, reserved 1056768K
  class space    used 870K, capacity 913K, committed 1024K, reserved 1048576K
Event: 7.364 GC heap after
Heap after GC invocations=19 (full 0):
 PSYoungGen      total 20992K, used 1216K [0x0000000795580000, 0x0000000797380000, 0x00000007c0000000)
  eden space 18944K, 0% used [0x0000000795580000,0x0000000795580000,0x0000000796800000)
  from space 2048K, 59% used [0x0000000796800000,0x0000000796930010,0x0000000796a00000)
  to   space 2048K, 0% used [0x0000000797180000,0x0000000797180000,0x0000000797380000)
 ParOldGen       total 195072K, used 36308K [0x0000000740000000, 0x000000074be80000, 0x0000000795580000)
  object space 195072K, 18% used [0x0000000740000000,0x0000000742375190,0x000000074be80000)
 Metaspace       used 8238K, capacity 8375K, committed 8704K, reserved 1056768K
  class space    used 870K, capacity 913K, committed 1024K, reserved 1048576K
}
Event: 8.299 GC heap before
{Heap before GC invocations=20 (full 0):
 PSYoungGen      total 20992K, used 20160K [0x0000000795580000, 0x0000000797380000, 0x00000007c0000000)
  eden space 18944K, 100% used [0x0000000795580000,0x0000000796800000,0x0000000796800000)
  from space 2048K, 59% used [0x0000000796800000,0x0000000796930010,0x0000000796a00000)
  to   space 2048K, 0% used [0x0000000797180000,0x0000000797180000,0x0000000797380000)
 ParOldGen       total 195072K, used 36308K [0x0000000740000000, 0x000000074be80000, 0x0000000795580000)
  object space 195072K, 18% used [0x0000000740000000,0x0000000742375190,0x000000074be80000)
 Metaspace       used 8268K, capacity 8375K, committed 8704K, reserved 1056768K
  class space    used 874K, capacity 913K, committed 1024K, reserved 1048576K
Event: 8.302 GC heap after
Heap after GC invocations=20 (full 0):
 PSYoungGen      total 28672K, used 1216K [0x0000000795580000, 0x0000000797380000, 0x00000007c0000000)
  eden space 26624K, 0% used [0x0000000795580000,0x0000000795580000,0x0000000796f80000)
  from space 2048K, 59% used [0x0000000797180000,0x00000007972b0010,0x0000000797380000)
  to   space 2048K, 0% used [0x0000000796f80000,0x0000000796f80000,0x0000000797180000)
 ParOldGen       total 195072K, used 40444K [0x0000000740000000, 0x000000074be80000, 0x0000000795580000)
  object space 195072K, 20% used [0x0000000740000000,0x000000074277f1d0,0x000000074be80000)
 Metaspace       used 8268K, capacity 8375K, committed 8704K, reserved 1056768K
  class space    used 874K, capacity 913K, committed 1024K, reserved 1048576K
}

